#
# A fatal error has been detected by the Java Runtime Environment:
#
#  EXCEPTION_ACCESS_VIOLATION (0xc0000005) at pc=0x00000000571a248b, pid=3360, tid=6940
#
# JRE version: Java(TM) SE Runtime Environment (7.0_45-b18) (build 1.7.0_45-b18)
# Java VM: Java HotSpot(TM) 64-Bit Server VM (24.45-b08 mixed mode windows-amd64 compressed oops)
# Problematic frame:
# V  [jvm.dll+0x14248b]
#
# Failed to write core dump. Minidumps are not enabled by default on client versions of Windows
#
# If you would like to submit a bug report, please visit:
#   http://bugreport.sun.com/bugreport/crash.jsp
#

---------------  T H R E A D  ---------------

Current thread (0x000000000c59e000):  JavaThread "JDWP Transport Listener: dt_socket" daemon [_thread_in_vm, id=6940, stack(0x000000000e590000,0x000000000e690000)]

siginfo: ExceptionCode=0xc0000005, reading address 0xffffffffffffffff

Registers:
RAX=0x000000000e68f201, RBX=0x000000000c59e000, RCX=0x656a3b587463656a, RDX=0x0000000000000000
RSP=0x000000000e68f290, RBP=0x656a3b587463656a, RSI=0x000000000e68f3a8, RDI=0x00000000025d7c50
R8 =0x000000000c59e000, R9 =0x000021140a6a00e4, R10=0x0000000000000000, R11=0x0000000010a9d29c
R12=0x0000000000000000, R13=0x00000000025ff238, R14=0x0000000000000000, R15=0x0000000000000000
RIP=0x00000000571a248b, EFLAGS=0x0000000000010206

Top of Stack: (sp=0x000000000e68f290)
0x000000000e68f290:   000000000c59e000 0000000000000005
0x000000000e68f2a0:   000000000e68f358 0000000057341039
0x000000000e68f2b0:   000000000c59e000 000000005735ebe2
0x000000000e68f2c0:   0000000000000000 000000006c908e89
0x000000000e68f2d0:   0000000010aacde8 000000006c91265a
0x000000000e68f2e0:   000000000c59e000 0000000000000000
0x000000000e68f2f0:   0000000000000000 0000000000000000
0x000000000e68f300:   656a3b587463656a 000000006c911751
0x000000000e68f310:   000000000e68f3a8 000000000e68f380
0x000000000e68f320:   0000000000000001 0000000010aacde8
0x000000000e68f330:   656a3b587463656a 000000006c8f53b3
0x000000000e68f340:   000000000e68f470 0000000000000001
0x000000000e68f350:   0000000000000001 0000000010aacde8
0x000000000e68f360:   000000000000000a 0000000000000000
0x000000000e68f370:   0000000000000000 0000000000000000
0x000000000e68f380:   0000000000000001 000000006c8f5571 

Instructions: (pc=0x00000000571a248b)
0x00000000571a246b:   48 8b 5c 24 30 48 89 47 18 48 83 c4 20 5f c3 cc
0x00000000571a247b:   cc cc cc cc cc 40 53 48 83 ec 20 48 85 c9 74 54
0x00000000571a248b:   48 8b 19 48 85 db 74 4c 48 b8 fe fe fe fe fe fe
0x00000000571a249b:   fe fe 48 3b d8 74 3d 80 3d 8f 87 60 00 00 74 15 


Register to memory mapping:

RAX=0x000000000e68f201 is pointing into the stack for thread: 0x000000000c59e000
RBX=0x000000000c59e000 is a thread
RCX=0x656a3b587463656a is an unknown value
RDX=0x0000000000000000 is an unknown value
RSP=0x000000000e68f290 is pointing into the stack for thread: 0x000000000c59e000
RBP=0x656a3b587463656a is an unknown value
RSI=0x000000000e68f3a8 is pointing into the stack for thread: 0x000000000c59e000
RDI=0x00000000025d7c50 is an unknown value
R8 =0x000000000c59e000 is a thread
R9 =0x000021140a6a00e4 is an unknown value
R10=0x0000000000000000 is an unknown value
R11=0x0000000010a9d29c is an unknown value
R12=0x0000000000000000 is an unknown value
R13=0x00000000025ff238 is an unknown value
R14=0x0000000000000000 is an unknown value
R15=0x0000000000000000 is an unknown value


Stack: [0x000000000e590000,0x000000000e690000],  sp=0x000000000e68f290,  free space=1020k
Native frames: (J=compiled Java code, j=interpreted, Vv=VM code, C=native code)
V  [jvm.dll+0x14248b]


---------------  P R O C E S S  ---------------

Java Threads: ( => current thread )
  0x0000000010c00000 JavaThread "http-nio-8888-exec-10" daemon [_thread_blocked, id=6656, stack(0x0000000015390000,0x0000000015490000)]
  0x0000000010bff800 JavaThread "http-nio-8888-exec-9" daemon [_thread_blocked, id=6372, stack(0x0000000013880000,0x0000000013980000)]
  0x0000000010bfe800 JavaThread "http-nio-8888-exec-8" daemon [_thread_blocked, id=380, stack(0x0000000015280000,0x0000000015380000)]
  0x0000000010bfe000 JavaThread "http-nio-8888-exec-7" daemon [_thread_blocked, id=3520, stack(0x000000000e390000,0x000000000e490000)]
  0x0000000010bfd000 JavaThread "http-nio-8888-exec-6" daemon [_thread_blocked, id=5444, stack(0x0000000014cb0000,0x0000000014db0000)]
  0x000000001006f000 JavaThread "http-nio-8888-exec-5" daemon [_thread_blocked, id=4468, stack(0x0000000014050000,0x0000000014150000)]
  0x000000001006e000 JavaThread "http-nio-8888-exec-4" daemon [_thread_blocked, id=1424, stack(0x00000000150c0000,0x00000000151c0000)]
  0x000000001006d800 JavaThread "http-nio-8888-exec-3" daemon [_thread_blocked, id=6660, stack(0x0000000014ef0000,0x0000000014ff0000)]
  0x0000000010066000 JavaThread "http-nio-8888-exec-2" daemon [_thread_blocked, id=4232, stack(0x0000000014ac0000,0x0000000014bc0000)]
  0x0000000010066800 JavaThread "http-nio-8888-exec-1" daemon [_thread_blocked, id=424, stack(0x0000000013ef0000,0x0000000013ff0000)]
  0x000000001006c800 JavaThread "Thread-3" [_thread_blocked, id=768, stack(0x0000000014860000,0x0000000014960000)]
  0x000000001006c000 JavaThread "Druid-ConnectionPool-Destroy-617105007" daemon [_thread_blocked, id=6860, stack(0x0000000014620000,0x0000000014720000)]
  0x000000001006b000 JavaThread "Druid-ConnectionPool-Create-617105007" daemon [_thread_blocked, id=7112, stack(0x0000000014990000,0x0000000014a90000)]
  0x000000001006a800 JavaThread "Abandoned connection cleanup thread" daemon [_thread_blocked, id=4456, stack(0x0000000014740000,0x0000000014840000)]
  0x0000000010069800 JavaThread "http-nio-8888-Acceptor-0" daemon [_thread_in_native, id=6104, stack(0x0000000014510000,0x0000000014610000)]
  0x0000000010069000 JavaThread "http-nio-8888-ClientPoller-1" daemon [_thread_in_native, id=5292, stack(0x00000000143c0000,0x00000000144c0000)]
  0x0000000010068000 JavaThread "http-nio-8888-ClientPoller-0" daemon [_thread_in_native, id=6760, stack(0x0000000014210000,0x0000000014310000)]
  0x0000000010067800 JavaThread "ContainerBackgroundProcessor[StandardEngine[Tomcat]]" daemon [_thread_blocked, id=5836, stack(0x00000000139b0000,0x0000000013ab0000)]
  0x0000000010065000 JavaThread "NioBlockingSelector.BlockPoller-1" daemon [_thread_in_native, id=5368, stack(0x0000000013d40000,0x0000000013e40000)]
  0x0000000010064800 JavaThread "DubboSaveRegistryCache-thread-1" daemon [_thread_blocked, id=6980, stack(0x0000000013b70000,0x0000000013c70000)]
  0x0000000010063800 JavaThread "main-EventThread" daemon [_thread_blocked, id=5792, stack(0x0000000013090000,0x0000000013190000)]
  0x0000000010063000 JavaThread "main-SendThread(127.0.0.1:2181)" daemon [_thread_in_native, id=312, stack(0x00000000136f0000,0x00000000137f0000)]
  0x0000000010062000 JavaThread "ZkClient-EventThread-27-127.0.0.1:2181" daemon [_thread_blocked, id=6512, stack(0x0000000013520000,0x0000000013620000)]
  0x0000000010061800 JavaThread "DubboRegistryFailedRetryTimer-thread-1" daemon [_thread_blocked, id=6112, stack(0x00000000133d0000,0x00000000134d0000)]
  0x0000000010060800 JavaThread "dubbo-remoting-server-heartbeat-thread-1" daemon [_thread_blocked, id=3116, stack(0x0000000013230000,0x0000000013330000)]
  0x0000000010ac7800 JavaThread "New I/O server boss #10" daemon [_thread_in_native, id=3788, stack(0x0000000012f60000,0x0000000013060000)]
  0x000000000f981800 JavaThread "New I/O worker #9" daemon [_thread_in_native, id=5180, stack(0x0000000012e50000,0x0000000012f50000)]
  0x000000001103a800 JavaThread "New I/O worker #8" daemon [_thread_in_native, id=4004, stack(0x000000000deb0000,0x000000000dfb0000)]
  0x0000000010594800 JavaThread "New I/O worker #7" daemon [_thread_in_native, id=6412, stack(0x0000000012d20000,0x0000000012e20000)]
  0x0000000010a1b800 JavaThread "New I/O worker #6" daemon [_thread_in_native, id=2808, stack(0x0000000012b90000,0x0000000012c90000)]
  0x0000000010a1a800 JavaThread "New I/O worker #5" daemon [_thread_in_native, id=5828, stack(0x00000000129e0000,0x0000000012ae0000)]
  0x00000000110ce800 JavaThread "New I/O worker #4" daemon [_thread_in_native, id=6776, stack(0x0000000012770000,0x0000000012870000)]
  0x0000000010c76800 JavaThread "New I/O worker #3" daemon [_thread_in_native, id=3124, stack(0x0000000012890000,0x0000000012990000)]
  0x000000001003b800 JavaThread "New I/O worker #2" daemon [_thread_in_native, id=6808, stack(0x000000000e030000,0x000000000e130000)]
  0x0000000010bec000 JavaThread "New I/O worker #1" daemon [_thread_in_native, id=5772, stack(0x0000000012630000,0x0000000012730000)]
  0x000000000c637800 JavaThread "Service Thread" daemon [_thread_blocked, id=4588, stack(0x000000000eb10000,0x000000000ec10000)]
  0x000000000c62e800 JavaThread "C2 CompilerThread1" daemon [_thread_blocked, id=5984, stack(0x000000000e9b0000,0x000000000eab0000)]
  0x000000000c62d000 JavaThread "C2 CompilerThread0" daemon [_thread_blocked, id=1396, stack(0x000000000e860000,0x000000000e960000)]
  0x000000000c61f000 JavaThread "JDWP Command Reader" daemon [_thread_in_native, id=6504, stack(0x000000000e740000,0x000000000e840000)]
  0x000000000c612800 JavaThread "JDWP Event Helper Thread" daemon [_thread_blocked, id=3304, stack(0x000000000d700000,0x000000000d800000)]
=>0x000000000c59e000 JavaThread "JDWP Transport Listener: dt_socket" daemon [_thread_in_vm, id=6940, stack(0x000000000e590000,0x000000000e690000)]
  0x000000000c5fd000 JavaThread "Attach Listener" daemon [_thread_blocked, id=5888, stack(0x000000000dd90000,0x000000000de90000)]
  0x000000000b53f800 JavaThread "Signal Dispatcher" daemon [_thread_blocked, id=6908, stack(0x000000000dbc0000,0x000000000dcc0000)]
  0x000000000b532800 JavaThread "Finalizer" daemon [_thread_blocked, id=7108, stack(0x000000000d9f0000,0x000000000daf0000)]
  0x000000000b52a000 JavaThread "Reference Handler" daemon [_thread_blocked, id=6160, stack(0x000000000d800000,0x000000000d900000)]
  0x00000000026be800 JavaThread "main" [_thread_blocked, id=6676, stack(0x00000000029f0000,0x0000000002af0000)]

Other Threads:
  0x000000000b524800 VMThread [stack: 0x000000000d5b0000,0x000000000d6b0000] [id=3660]
  0x000000000c685000 WatcherThread [stack: 0x000000000ecd0000,0x000000000edd0000] [id=6312]

VM state:not at safepoint (normal execution)

VM Mutex/Monitor currently owned by a thread: None

Heap
 PSYoungGen      total 676352K, used 448289K [0x00000007d5e80000, 0x0000000800000000, 0x0000000800000000)
  eden space 663040K, 67% used [0x00000007d5e80000,0x00000007f10d5380,0x00000007fe600000)
  from space 13312K, 26% used [0x00000007ff300000,0x00000007ff673168,0x0000000800000000)
  to   space 13312K, 0% used [0x00000007fe600000,0x00000007fe600000,0x00000007ff300000)
 ParOldGen       total 86016K, used 19446K [0x0000000781c00000, 0x0000000787000000, 0x00000007d5e80000)
  object space 86016K, 22% used [0x0000000781c00000,0x0000000782efd910,0x0000000787000000)
 PSPermGen       total 43008K, used 42881K [0x000000077ca00000, 0x000000077f400000, 0x0000000781c00000)
  object space 43008K, 99% used [0x000000077ca00000,0x000000077f3e07a8,0x000000077f400000)

Card table byte_map: [0x0000000005af0000,0x0000000005f10000] byte_map_base: 0x0000000001f0b000

Polling page: 0x0000000000150000

Code Cache  [0x0000000002af0000, 0x0000000002e40000, 0x0000000005af0000)
 total_blobs=1249 nmethods=792 adapters=416 free_code_cache=46085Kb largest_free_block=46873088

Compilation events (10 events):
Event: 567.576 Thread 0x000000000c62e800  886             sun.nio.ch.WindowsSelectorImpl::adjustThreadsCount (133 bytes)
Event: 567.581 Thread 0x000000000c62e800 nmethod 886 0x0000000002e2cf50 code [0x0000000002e2d0a0, 0x0000000002e2d218]
Event: 572.077 Thread 0x000000000c62d000  887             sun.nio.ch.WindowsSelectorImpl::access$1200 (5 bytes)
Event: 572.079 Thread 0x000000000c62d000 nmethod 887 0x0000000002bef950 code [0x0000000002befa80, 0x0000000002befaf8]
Event: 579.063 Thread 0x000000000c62e800  889   !         sun.nio.ch.WindowsSelectorImpl::doSelect (136 bytes)
Event: 579.101 Thread 0x000000000c62e800 nmethod 889 0x0000000002c93a10 code [0x0000000002c93cc0, 0x0000000002c95988]
Event: 597.762 Thread 0x000000000c62d000  890             java.util.concurrent.ConcurrentHashMap::isEmpty (119 bytes)
Event: 597.771 Thread 0x000000000c62d000 nmethod 890 0x0000000002ce6150 code [0x0000000002ce62a0, 0x0000000002ce64e8]
Event: 601.079 Thread 0x000000000c62e800  891             sun.nio.ch.SelectorImpl::select (34 bytes)
Event: 601.085 Thread 0x000000000c62e800 nmethod 891 0x0000000002ce5050 code [0x0000000002ce51c0, 0x0000000002ce5c68]

GC Heap History (10 events):
Event: 3.209 GC heap before
{Heap before GC invocations=6 (full 0):
 PSYoungGen      total 138240K, used 138211K [0x00000007d5e80000, 0x00000007e7280000, 0x0000000800000000)
  eden space 133120K, 100% used [0x00000007d5e80000,0x00000007de080000,0x00000007de080000)
  from space 5120K, 99% used [0x00000007de080000,0x00000007de578db0,0x00000007de580000)
  to   space 8192K, 0% used [0x00000007e6a80000,0x00000007e6a80000,0x00000007e7280000)
 ParOldGen       total 86016K, used 4602K [0x0000000781c00000, 0x0000000787000000, 0x00000007d5e80000)
  object space 86016K, 5% used [0x0000000781c00000,0x000000078207e840,0x0000000787000000)
 PSPermGen       total 21504K, used 19202K [0x000000077ca00000, 0x000000077df00000, 0x0000000781c00000)
  object space 21504K, 89% used [0x000000077ca00000,0x000000077dcc08e8,0x000000077df00000)
Event: 3.223 GC heap after
Heap after GC invocations=6 (full 0):
 PSYoungGen      total 273920K, used 6598K [0x00000007d5e80000, 0x00000007e7380000, 0x0000000800000000)
  eden space 265728K, 0% used [0x00000007d5e80000,0x00000007d5e80000,0x00000007e6200000)
  from space 8192K, 80% used [0x00000007e6a80000,0x00000007e70f1bb0,0x00000007e7280000)
  to   space 8704K, 0% used [0x00000007e6200000,0x00000007e6200000,0x00000007e6a80000)
 ParOldGen       total 86016K, used 4602K [0x0000000781c00000, 0x0000000787000000, 0x00000007d5e80000)
  object space 86016K, 5% used [0x0000000781c00000,0x000000078207e840,0x0000000787000000)
 PSPermGen       total 21504K, used 19202K [0x000000077ca00000, 0x000000077df00000, 0x0000000781c00000)
  object space 21504K, 89% used [0x000000077ca00000,0x000000077dcc08e8,0x000000077df00000)
}
Event: 4.458 GC heap before
{Heap before GC invocations=7 (full 0):
 PSYoungGen      total 273920K, used 272326K [0x00000007d5e80000, 0x00000007e7380000, 0x0000000800000000)
  eden space 265728K, 100% used [0x00000007d5e80000,0x00000007e6200000,0x00000007e6200000)
  from space 8192K, 80% used [0x00000007e6a80000,0x00000007e70f1bb0,0x00000007e7280000)
  to   space 8704K, 0% used [0x00000007e6200000,0x00000007e6200000,0x00000007e6a80000)
 ParOldGen       total 86016K, used 4602K [0x0000000781c00000, 0x0000000787000000, 0x00000007d5e80000)
  object space 86016K, 5% used [0x0000000781c00000,0x000000078207e840,0x0000000787000000)
 PSPermGen       total 26112K, used 25839K [0x000000077ca00000, 0x000000077e380000, 0x0000000781c00000)
  object space 26112K, 98% used [0x000000077ca00000,0x000000077e33bdc0,0x000000077e380000)
Event: 4.468 GC heap after
Heap after GC invocations=7 (full 0):
 PSYoungGen      total 274432K, used 8701K [0x00000007d5e80000, 0x00000007f7d80000, 0x0000000800000000)
  eden space 265728K, 0% used [0x00000007d5e80000,0x00000007d5e80000,0x00000007e6200000)
  from space 8704K, 99% used [0x00000007e6200000,0x00000007e6a7f720,0x00000007e6a80000)
  to   space 12288K, 0% used [0x00000007f7180000,0x00000007f7180000,0x00000007f7d80000)
 ParOldGen       total 86016K, used 9361K [0x0000000781c00000, 0x0000000787000000, 0x00000007d5e80000)
  object space 86016K, 10% used [0x0000000781c00000,0x0000000782524768,0x0000000787000000)
 PSPermGen       total 26112K, used 25839K [0x000000077ca00000, 0x000000077e380000, 0x0000000781c00000)
  object space 26112K, 98% used [0x000000077ca00000,0x000000077e33bdc0,0x000000077e380000)
}
Event: 6.193 GC heap before
{Heap before GC invocations=8 (full 0):
 PSYoungGen      total 274432K, used 274429K [0x00000007d5e80000, 0x00000007f7d80000, 0x0000000800000000)
  eden space 265728K, 100% used [0x00000007d5e80000,0x00000007e6200000,0x00000007e6200000)
  from space 8704K, 99% used [0x00000007e6200000,0x00000007e6a7f720,0x00000007e6a80000)
  to   space 12288K, 0% used [0x00000007f7180000,0x00000007f7180000,0x00000007f7d80000)
 ParOldGen       total 86016K, used 9361K [0x0000000781c00000, 0x0000000787000000, 0x00000007d5e80000)
  object space 86016K, 10% used [0x0000000781c00000,0x0000000782524768,0x0000000787000000)
 PSPermGen       total 30720K, used 30675K [0x000000077ca00000, 0x000000077e800000, 0x0000000781c00000)
  object space 30720K, 99% used [0x000000077ca00000,0x000000077e7f4c60,0x000000077e800000)
Event: 6.202 GC heap after
Heap after GC invocations=8 (full 0):
 PSYoungGen      total 542720K, used 11111K [0x00000007d5e80000, 0x00000007f7f80000, 0x0000000800000000)
  eden space 530432K, 0% used [0x00000007d5e80000,0x00000007d5e80000,0x00000007f6480000)
  from space 12288K, 90% used [0x00000007f7180000,0x00000007f7c59e28,0x00000007f7d80000)
  to   space 13312K, 0% used [0x00000007f6480000,0x00000007f6480000,0x00000007f7180000)
 ParOldGen       total 86016K, used 10674K [0x0000000781c00000, 0x0000000787000000, 0x00000007d5e80000)
  object space 86016K, 12% used [0x0000000781c00000,0x000000078266cbb0,0x0000000787000000)
 PSPermGen       total 30720K, used 30675K [0x000000077ca00000, 0x000000077e800000, 0x0000000781c00000)
  object space 30720K, 99% used [0x000000077ca00000,0x000000077e7f4c60,0x000000077e800000)
}
Event: 7.266 GC heap before
{Heap before GC invocations=9 (full 0):
 PSYoungGen      total 542720K, used 541543K [0x00000007d5e80000, 0x00000007f7f80000, 0x0000000800000000)
  eden space 530432K, 100% used [0x00000007d5e80000,0x00000007f6480000,0x00000007f6480000)
  from space 12288K, 90% used [0x00000007f7180000,0x00000007f7c59e28,0x00000007f7d80000)
  to   space 13312K, 0% used [0x00000007f6480000,0x00000007f6480000,0x00000007f7180000)
 ParOldGen       total 86016K, used 10674K [0x0000000781c00000, 0x0000000787000000, 0x00000007d5e80000)
  object space 86016K, 12% used [0x0000000781c00000,0x000000078266cbb0,0x0000000787000000)
 PSPermGen       total 34304K, used 33820K [0x000000077ca00000, 0x000000077eb80000, 0x0000000781c00000)
  object space 34304K, 98% used [0x000000077ca00000,0x000000077eb07110,0x000000077eb80000)
Event: 7.278 GC heap after
Heap after GC invocations=9 (full 0):
 PSYoungGen      total 543744K, used 9108K [0x00000007d5e80000, 0x0000000800000000, 0x0000000800000000)
  eden space 530432K, 0% used [0x00000007d5e80000,0x00000007d5e80000,0x00000007f6480000)
  from space 13312K, 68% used [0x00000007f6480000,0x00000007f6d65158,0x00000007f7180000)
  to   space 13312K, 0% used [0x00000007ff300000,0x00000007ff300000,0x0000000800000000)
 ParOldGen       total 86016K, used 12833K [0x0000000781c00000, 0x0000000787000000, 0x00000007d5e80000)
  object space 86016K, 14% used [0x0000000781c00000,0x0000000782888420,0x0000000787000000)
 PSPermGen       total 34304K, used 33820K [0x000000077ca00000, 0x000000077eb80000, 0x0000000781c00000)
  object space 34304K, 98% used [0x000000077ca00000,0x000000077eb07110,0x000000077eb80000)
}
Event: 8.378 GC heap before
{Heap before GC invocations=10 (full 0):
 PSYoungGen      total 543744K, used 539540K [0x00000007d5e80000, 0x0000000800000000, 0x0000000800000000)
  eden space 530432K, 100% used [0x00000007d5e80000,0x00000007f6480000,0x00000007f6480000)
  from space 13312K, 68% used [0x00000007f6480000,0x00000007f6d65158,0x00000007f7180000)
  to   space 13312K, 0% used [0x00000007ff300000,0x00000007ff300000,0x0000000800000000)
 ParOldGen       total 86016K, used 12833K [0x0000000781c00000, 0x0000000787000000, 0x00000007d5e80000)
  object space 86016K, 14% used [0x0000000781c00000,0x0000000782888420,0x0000000787000000)
 PSPermGen       total 34304K, used 34127K [0x000000077ca00000, 0x000000077eb80000, 0x0000000781c00000)
  object space 34304K, 99% used [0x000000077ca00000,0x000000077eb53c80,0x000000077eb80000)
Event: 8.387 GC heap after
Heap after GC invocations=10 (full 0):
 PSYoungGen      total 676352K, used 3532K [0x00000007d5e80000, 0x0000000800000000, 0x0000000800000000)
  eden space 663040K, 0% used [0x00000007d5e80000,0x00000007d5e80000,0x00000007fe600000)
  from space 13312K, 26% used [0x00000007ff300000,0x00000007ff673168,0x0000000800000000)
  to   space 13312K, 0% used [0x00000007fe600000,0x00000007fe600000,0x00000007ff300000)
 ParOldGen       total 86016K, used 19446K [0x0000000781c00000, 0x0000000787000000, 0x00000007d5e80000)
  object space 86016K, 22% used [0x0000000781c00000,0x0000000782efd910,0x0000000787000000)
 PSPermGen       total 34304K, used 34127K [0x000000077ca00000, 0x000000077eb80000, 0x0000000781c00000)
  object space 34304K, 99% used [0x000000077ca00000,0x000000077eb53c80,0x000000077eb80000)
}

Deoptimization events (10 events):
Event: 110.108 Thread 0x000000001006d800 Uncommon trap: reason=class_check action=maybe_recompile pc=0x0000000002de2888 method=java.lang.reflect.Proxy.getInvocationHandler(Ljava/lang/Object;)Ljava/lang/reflect/InvocationHandler; @ 21
Event: 110.108 Thread 0x000000001006d800 Uncommon trap: reason=class_check action=maybe_recompile pc=0x0000000002de2888 method=java.lang.reflect.Proxy.getInvocationHandler(Ljava/lang/Object;)Ljava/lang/reflect/InvocationHandler; @ 21
Event: 182.347 Thread 0x000000001006d800 Uncommon trap: reason=class_check action=maybe_recompile pc=0x0000000002cf8dc4 method=java.lang.Character.codePointAt(Ljava/lang/CharSequence;I)I @ 5
Event: 182.347 Thread 0x000000001006d800 Uncommon trap: reason=class_check action=maybe_recompile pc=0x0000000002cf8dc4 method=java.lang.Character.codePointAt(Ljava/lang/CharSequence;I)I @ 5
Event: 182.348 Thread 0x000000001006d800 Uncommon trap: reason=class_check action=maybe_recompile pc=0x0000000002cf8dc4 method=java.lang.Character.codePointAt(Ljava/lang/CharSequence;I)I @ 5
Event: 182.348 Thread 0x000000001006d800 Uncommon trap: reason=class_check action=maybe_recompile pc=0x0000000002cf8dc4 method=java.lang.Character.codePointAt(Ljava/lang/CharSequence;I)I @ 5
Event: 182.348 Thread 0x000000001006d800 Uncommon trap: reason=class_check action=maybe_recompile pc=0x0000000002cf61f8 method=java.util.regex.Pattern$Slice.match(Ljava/util/regex/Matcher;ILjava/lang/CharSequence;)Z @ 49
Event: 182.358 Thread 0x000000001006d800 Uncommon trap: reason=class_check action=maybe_recompile pc=0x0000000002c4805c method=java.util.TreeMap.put(Ljava/lang/Object;Ljava/lang/Object;)Ljava/lang/Object; @ 127
Event: 185.220 Thread 0x000000001006f000 Uncommon trap: reason=class_check action=maybe_recompile pc=0x0000000002de2888 method=java.lang.reflect.Proxy.getInvocationHandler(Ljava/lang/Object;)Ljava/lang/reflect/InvocationHandler; @ 21
Event: 185.220 Thread 0x000000001006f000 Uncommon trap: reason=class_check action=maybe_recompile pc=0x0000000002de2888 method=java.lang.reflect.Proxy.getInvocationHandler(Ljava/lang/Object;)Ljava/lang/reflect/InvocationHandler; @ 21

Internal exceptions (10 events):
Event: 182.348 Thread 0x000000001006d800 Threw 0x00000007eec1dfd0 at C:\re\jdk7u45\229\hotspot\src\share\vm\prims\jvm.cpp:1244
Event: 182.360 Thread 0x000000001006d800 Threw 0x00000007eec85260 at C:\re\jdk7u45\229\hotspot\src\share\vm\prims\jvm.cpp:1244
Event: 182.361 Thread 0x000000001006d800 Threw 0x00000007eecbe9f0 at C:\re\jdk7u45\229\hotspot\src\share\vm\prims\jvm.cpp:1244
Event: 182.362 Thread 0x000000001006d800 Threw 0x00000007eed12710 at C:\re\jdk7u45\229\hotspot\src\share\vm\prims\jvm.cpp:1244
Event: 185.215 Thread 0x000000001006f000 Threw 0x00000007ef7976f0 at C:\re\jdk7u45\229\hotspot\src\share\vm\prims\jvm.cpp:1244
Event: 185.219 Thread 0x000000001006f000 Threw 0x00000007ef7ef808 at C:\re\jdk7u45\229\hotspot\src\share\vm\prims\jvm.cpp:1244
Event: 204.639 Thread 0x0000000010bfe000 Threw 0x00000007efe10d00 at C:\re\jdk7u45\229\hotspot\src\share\vm\prims\jvm.cpp:1244
Event: 204.643 Thread 0x0000000010bfe000 Threw 0x00000007efe68e18 at C:\re\jdk7u45\229\hotspot\src\share\vm\prims\jvm.cpp:1244
Event: 390.359 Thread 0x0000000010bff800 Threw 0x00000007f0721fb8 at C:\re\jdk7u45\229\hotspot\src\share\vm\prims\jvm.cpp:1244
Event: 390.362 Thread 0x0000000010bff800 Threw 0x00000007f077a0d0 at C:\re\jdk7u45\229\hotspot\src\share\vm\prims\jvm.cpp:1244

Events (10 events):
Event: 628.183 Executing VM operation: GetCurrentLocation
Event: 628.183 Executing VM operation: GetCurrentLocation done
Event: 628.183 Executing VM operation: EnterInterpOnlyMode
Event: 628.183 Executing VM operation: EnterInterpOnlyMode done
Event: 628.183 Executing VM operation: ChangeSingleStep
Event: 628.183 Executing VM operation: ChangeSingleStep done
Event: 628.183 Executing VM operation: ChangeSingleStep
Event: 628.183 Executing VM operation: ChangeSingleStep done
Event: 628.191 Executing VM operation: RedefineClasses
Event: 628.197 Executing VM operation: RedefineClasses done


Dynamic libraries:
0x000000013fb80000 - 0x000000013fbb3000 	C:\Users\Administrator\AppData\Local\MyEclipse 2015 CI\binary\com.sun.java.jdk7.win32.x86_64_1.7.0.u45\bin\javaw.exe
0x0000000077740000 - 0x00000000778ec000 	C:\Windows\SYSTEM32\ntdll.dll
0x0000000077620000 - 0x000000007773f000 	C:\Windows\system32\kernel32.dll
0x000007fefd870000 - 0x000007fefd8dc000 	C:\Windows\system32\KERNELBASE.dll
0x000007fefda80000 - 0x000007fefdb5b000 	C:\Windows\system32\ADVAPI32.dll
0x000007fefdc90000 - 0x000007fefdd2f000 	C:\Windows\system32\msvcrt.dll
0x000007feff460000 - 0x000007feff47f000 	C:\Windows\SYSTEM32\sechost.dll
0x000007feff7f0000 - 0x000007feff91e000 	C:\Windows\system32\RPCRT4.dll
0x0000000077520000 - 0x000000007761a000 	C:\Windows\system32\USER32.dll
0x000007fefde00000 - 0x000007fefde67000 	C:\Windows\system32\GDI32.dll
0x000007fefe080000 - 0x000007fefe08e000 	C:\Windows\system32\LPK.dll
0x000007fefdd30000 - 0x000007fefddfa000 	C:\Windows\system32\USP10.dll
0x000007fefbe10000 - 0x000007fefc004000 	C:\Windows\WinSxS\amd64_microsoft.windows.common-controls_6595b64144ccf1df_6.0.7600.16385_none_fa645303170382f6\COMCTL32.dll
0x000007feff0a0000 - 0x000007feff111000 	C:\Windows\system32\SHLWAPI.dll
0x000007feff2a0000 - 0x000007feff2ce000 	C:\Windows\system32\IMM32.DLL
0x000007feff6e0000 - 0x000007feff7e9000 	C:\Windows\system32\MSCTF.dll
0x0000000064600000 - 0x00000000646d2000 	C:\Users\Administrator\AppData\Local\MyEclipse 2015 CI\binary\com.sun.java.jdk7.win32.x86_64_1.7.0.u45\jre\bin\msvcr100.dll
0x0000000057060000 - 0x0000000057829000 	C:\Users\Administrator\AppData\Local\MyEclipse 2015 CI\binary\com.sun.java.jdk7.win32.x86_64_1.7.0.u45\jre\bin\server\jvm.dll
0x000007fef8d10000 - 0x000007fef8d19000 	C:\Windows\system32\WSOCK32.dll
0x000007feff370000 - 0x000007feff3bd000 	C:\Windows\system32\WS2_32.dll
0x000007fefda70000 - 0x000007fefda78000 	C:\Windows\system32\NSI.dll
0x000007fef9fc0000 - 0x000007fef9ffb000 	C:\Windows\system32\WINMM.dll
0x0000000077910000 - 0x0000000077917000 	C:\Windows\system32\PSAPI.DLL
0x0000000068fe0000 - 0x0000000068fef000 	C:\Users\Administrator\AppData\Local\MyEclipse 2015 CI\binary\com.sun.java.jdk7.win32.x86_64_1.7.0.u45\jre\bin\verify.dll
0x00000000679f0000 - 0x0000000067a18000 	C:\Users\Administrator\AppData\Local\MyEclipse 2015 CI\binary\com.sun.java.jdk7.win32.x86_64_1.7.0.u45\jre\bin\java.dll
0x000000006c8f0000 - 0x000000006c925000 	C:\Users\Administrator\AppData\Local\MyEclipse 2015 CI\binary\com.sun.java.jdk7.win32.x86_64_1.7.0.u45\jre\bin\jdwp.dll
0x0000000073ea0000 - 0x0000000073ea8000 	C:\Users\Administrator\AppData\Local\MyEclipse 2015 CI\binary\com.sun.java.jdk7.win32.x86_64_1.7.0.u45\jre\bin\npt.dll
0x0000000068ee0000 - 0x0000000068ef5000 	C:\Users\Administrator\AppData\Local\MyEclipse 2015 CI\binary\com.sun.java.jdk7.win32.x86_64_1.7.0.u45\jre\bin\zip.dll
0x000000006dba0000 - 0x000000006dba9000 	C:\Users\Administrator\AppData\Local\MyEclipse 2015 CI\binary\com.sun.java.jdk7.win32.x86_64_1.7.0.u45\jre\bin\dt_socket.dll
0x000007fefc340000 - 0x000007fefc355000 	C:\Windows\system32\NLAapi.dll
0x000007fefcf90000 - 0x000007fefcfe4000 	C:\Windows\System32\mswsock.dll
0x000007fefce10000 - 0x000007fefce6b000 	C:\Windows\system32\DNSAPI.dll
0x000007feed120000 - 0x000007feed12b000 	C:\Windows\System32\winrnr.dll
0x000007feed100000 - 0x000007feed115000 	C:\Windows\system32\napinsp.dll
0x000007feed0e0000 - 0x000007feed0f9000 	C:\Windows\system32\pnrpnsp.dll
0x000007fefb520000 - 0x000007fefb547000 	C:\Windows\system32\IPHLPAPI.DLL
0x000007fefb510000 - 0x000007fefb51b000 	C:\Windows\system32\WINNSI.DLL
0x000007fefafe0000 - 0x000007fefb033000 	C:\Windows\System32\fwpuclnt.dll
0x000007fefac60000 - 0x000007fefac68000 	C:\Windows\system32\rasadhlp.dll
0x000007fefc8b0000 - 0x000007fefc8b7000 	C:\Windows\System32\wshtcpip.dll
0x0000000068e50000 - 0x0000000068e69000 	C:\Users\Administrator\AppData\Local\MyEclipse 2015 CI\binary\com.sun.java.jdk7.win32.x86_64_1.7.0.u45\jre\bin\net.dll
0x000007fefcf80000 - 0x000007fefcf87000 	C:\Windows\System32\wship6.dll
0x00000000687a0000 - 0x00000000687b1000 	C:\Users\Administrator\AppData\Local\MyEclipse 2015 CI\binary\com.sun.java.jdk7.win32.x86_64_1.7.0.u45\jre\bin\nio.dll
0x00000000742a0000 - 0x00000000742ab000 	C:\Users\Administrator\AppData\Local\MyEclipse 2015 CI\binary\com.sun.java.jdk7.win32.x86_64_1.7.0.u45\jre\bin\management.dll
0x000007fefcff0000 - 0x000007fefd007000 	C:\Windows\system32\CRYPTSP.dll
0x000007fefccf0000 - 0x000007fefcd37000 	C:\Windows\system32\rsaenh.dll
0x000007fefc9c0000 - 0x000007fefc9de000 	C:\Windows\system32\USERENV.dll
0x000007fefd6a0000 - 0x000007fefd6af000 	C:\Windows\system32\profapi.dll
0x000007fefd5d0000 - 0x000007fefd5df000 	C:\Windows\system32\CRYPTBASE.dll
0x000007fef88d0000 - 0x000007fef89f5000 	C:\Windows\system32\dbghelp.dll

VM Arguments:
jvm_args: -agentlib:jdwp=transport=dt_socket,suspend=y,address=localhost:54551 -Dfile.encoding=UTF-8 
java_command: com.jeertd.rtd.api.provider.ServiceProvider
Launcher Type: SUN_STANDARD

Environment Variables:
JAVA_HOME=C:\Java\jdk1.8.0_31
CLASSPATH=.;C:\Java\jdk1.8.0_31\lib\dt.jar;C:\Java\jdk1.8.0_31\lib\tools.jar;
PATH=C:\Users\Administrator\AppData\Local\MyEclipse 2015 CI\binary\com.sun.java.jdk7.win32.x86_64_1.7.0.u45\jre\bin;C:\ProgramData\Oracle\Java\javapath;C:\Windows\system32;C:\Windows;C:\Windows\System32\Wbem;C:\Windows\System32\WindowsPowerShell\v1.0\;C:\Program Files (x86)\Windows7Master;C:\Program Files (x86)\Common Files\Thunder Network\KanKan\Codecs;E:\svn\jeesite-master\jeesite-master\doc\maven\maven\maven3\bin;C:\Java\jdk1.8.0_31\bin;C:\Java\jdk1.8.0_31\jre\bin;C:\Program Files\TortoiseSVN\bin
USERNAME=Administrator
OS=Windows_NT
PROCESSOR_IDENTIFIER=Intel64 Family 6 Model 94 Stepping 3, GenuineIntel



---------------  S Y S T E M  ---------------

OS: Windows 7 , 64 bit Build 7600 

CPU:total 8 (4 cores per cpu, 2 threads per core) family 6 model 94 stepping 3, cmov, cx8, fxsr, mmx, sse, sse2, sse3, ssse3, sse4.1, sse4.2, popcnt, aes, erms, ht, tsc, tscinvbit

Memory: 4k page, physical 8265740k(3121420k free), swap 10322084k(4371544k free)

vm_info: Java HotSpot(TM) 64-Bit Server VM (24.45-b08) for windows-amd64 JRE (1.7.0_45-b18), built on Oct  8 2013 05:47:22 by "java_re" with unknown MS VC++:1600

time: Thu Jun 08 16:01:10 2017
elapsed time: 628 seconds

